0 info it worked if it ends with ok
1 verbose cli [ '/usr/bin/nodejs', '/usr/bin/npm', 'publish' ]
2 info using npm@1.3.10
3 info using node@v0.10.25
4 verbose publish [ '.' ]
5 verbose cache add [ '.', null ]
6 verbose cache add name=undefined spec="." args=[".",null]
7 verbose parsed url { protocol: null,
7 verbose parsed url   slashes: null,
7 verbose parsed url   auth: null,
7 verbose parsed url   host: null,
7 verbose parsed url   port: null,
7 verbose parsed url   hostname: null,
7 verbose parsed url   hash: null,
7 verbose parsed url   search: null,
7 verbose parsed url   query: null,
7 verbose parsed url   pathname: '.',
7 verbose parsed url   path: '.',
7 verbose parsed url   href: '.' }
8 silly lockFile 3a52ce78- .
9 verbose lock . /home/habtom/.npm/3a52ce78-.lock
10 verbose tar pack [ '/home/habtom/tmp/npm-9531-EdDtFSgV/1424032205519-0.6604030828457326/tmp.tgz',
10 verbose tar pack   '.' ]
11 verbose tarball /home/habtom/tmp/npm-9531-EdDtFSgV/1424032205519-0.6604030828457326/tmp.tgz
12 verbose folder .
13 silly lockFile 1f1177db-tar tar://.
14 verbose lock tar://. /home/habtom/.npm/1f1177db-tar.lock
15 silly lockFile 21091744-05519-0-6604030828457326-tmp-tgz tar:///home/habtom/tmp/npm-9531-EdDtFSgV/1424032205519-0.6604030828457326/tmp.tgz
16 verbose lock tar:///home/habtom/tmp/npm-9531-EdDtFSgV/1424032205519-0.6604030828457326/tmp.tgz /home/habtom/.npm/21091744-05519-0-6604030828457326-tmp-tgz.lock
17 silly lockFile 1f1177db-tar tar://.
18 silly lockFile 1f1177db-tar tar://.
19 silly lockFile 21091744-05519-0-6604030828457326-tmp-tgz tar:///home/habtom/tmp/npm-9531-EdDtFSgV/1424032205519-0.6604030828457326/tmp.tgz
20 silly lockFile 21091744-05519-0-6604030828457326-tmp-tgz tar:///home/habtom/tmp/npm-9531-EdDtFSgV/1424032205519-0.6604030828457326/tmp.tgz
21 verbose tar unpack /home/habtom/tmp/npm-9531-EdDtFSgV/1424032205519-0.6604030828457326/tmp.tgz
22 silly lockFile 8ccc9af4-05519-0-6604030828457326-package tar:///home/habtom/tmp/npm-9531-EdDtFSgV/1424032205519-0.6604030828457326/package
23 verbose lock tar:///home/habtom/tmp/npm-9531-EdDtFSgV/1424032205519-0.6604030828457326/package /home/habtom/.npm/8ccc9af4-05519-0-6604030828457326-package.lock
24 silly lockFile 21091744-05519-0-6604030828457326-tmp-tgz tar:///home/habtom/tmp/npm-9531-EdDtFSgV/1424032205519-0.6604030828457326/tmp.tgz
25 verbose lock tar:///home/habtom/tmp/npm-9531-EdDtFSgV/1424032205519-0.6604030828457326/tmp.tgz /home/habtom/.npm/21091744-05519-0-6604030828457326-tmp-tgz.lock
26 silly gunzTarPerm modes [ '755', '644' ]
27 silly gunzTarPerm extractEntry package.json
28 silly gunzTarPerm modified mode [ 'package.json', 436, 420 ]
29 silly gunzTarPerm extractEntry README.md
30 silly gunzTarPerm modified mode [ 'README.md', 436, 420 ]
31 silly gunzTarPerm extractEntry LICENSE
32 silly gunzTarPerm modified mode [ 'LICENSE', 436, 420 ]
33 silly gunzTarPerm extractEntry data/sample.json
34 silly gunzTarPerm modified mode [ 'data/sample.json', 436, 420 ]
35 silly gunzTarPerm extractEntry examples/bundle.js
36 silly gunzTarPerm modified mode [ 'examples/bundle.js', 436, 420 ]
37 silly gunzTarPerm extractEntry examples/about.html
38 silly gunzTarPerm modified mode [ 'examples/about.html', 436, 420 ]
39 silly gunzTarPerm extractEntry examples/css/bootstrap.css
40 silly gunzTarPerm extractEntry examples/css/font-awesome.min.css
41 silly gunzTarPerm modified mode [ 'examples/css/font-awesome.min.css', 436, 420 ]
42 silly gunzTarPerm extractEntry examples/css/main.css
43 silly gunzTarPerm modified mode [ 'examples/css/main.css', 436, 420 ]
44 silly gunzTarPerm extractEntry examples/docs.html
45 silly gunzTarPerm modified mode [ 'examples/docs.html', 436, 420 ]
46 silly gunzTarPerm extractEntry examples/index.html
47 silly gunzTarPerm modified mode [ 'examples/index.html', 436, 420 ]
48 silly gunzTarPerm extractEntry images/circles.png
49 silly gunzTarPerm modified mode [ 'images/circles.png', 436, 420 ]
50 silly gunzTarPerm extractEntry images/file.png
51 silly gunzTarPerm modified mode [ 'images/file.png', 436, 420 ]
52 silly gunzTarPerm extractEntry images/genvenn.png
53 silly gunzTarPerm modified mode [ 'images/genvenn.png', 436, 420 ]
54 silly gunzTarPerm extractEntry lib/drawGenven.js
55 silly gunzTarPerm modified mode [ 'lib/drawGenven.js', 436, 420 ]
56 silly gunzTarPerm extractEntry lib/exportImage.js
57 silly gunzTarPerm modified mode [ 'lib/exportImage.js', 436, 420 ]
58 silly gunzTarPerm extractEntry lib/fileManager.js
59 silly gunzTarPerm modified mode [ 'lib/fileManager.js', 436, 420 ]
60 silly gunzTarPerm extractEntry lib/index.js
61 silly gunzTarPerm modified mode [ 'lib/index.js', 436, 420 ]
62 silly gunzTarPerm extractEntry lib/listOpConf.js
63 silly gunzTarPerm modified mode [ 'lib/listOpConf.js', 436, 420 ]
64 silly lockFile 8ccc9af4-05519-0-6604030828457326-package tar:///home/habtom/tmp/npm-9531-EdDtFSgV/1424032205519-0.6604030828457326/package
65 silly lockFile 8ccc9af4-05519-0-6604030828457326-package tar:///home/habtom/tmp/npm-9531-EdDtFSgV/1424032205519-0.6604030828457326/package
66 silly lockFile 21091744-05519-0-6604030828457326-tmp-tgz tar:///home/habtom/tmp/npm-9531-EdDtFSgV/1424032205519-0.6604030828457326/tmp.tgz
67 silly lockFile 21091744-05519-0-6604030828457326-tmp-tgz tar:///home/habtom/tmp/npm-9531-EdDtFSgV/1424032205519-0.6604030828457326/tmp.tgz
68 verbose tar pack [ '/home/habtom/.npm/biojs-vis-genven/1.1.1/package.tgz',
68 verbose tar pack   '/home/habtom/tmp/npm-9531-EdDtFSgV/1424032205519-0.6604030828457326/package' ]
69 verbose tarball /home/habtom/.npm/biojs-vis-genven/1.1.1/package.tgz
70 verbose folder /home/habtom/tmp/npm-9531-EdDtFSgV/1424032205519-0.6604030828457326/package
71 silly lockFile 8ccc9af4-05519-0-6604030828457326-package tar:///home/habtom/tmp/npm-9531-EdDtFSgV/1424032205519-0.6604030828457326/package
72 verbose lock tar:///home/habtom/tmp/npm-9531-EdDtFSgV/1424032205519-0.6604030828457326/package /home/habtom/.npm/8ccc9af4-05519-0-6604030828457326-package.lock
73 silly lockFile 1ce2b478-ojs-vis-genven-1-1-1-package-tgz tar:///home/habtom/.npm/biojs-vis-genven/1.1.1/package.tgz
74 verbose lock tar:///home/habtom/.npm/biojs-vis-genven/1.1.1/package.tgz /home/habtom/.npm/1ce2b478-ojs-vis-genven-1-1-1-package-tgz.lock
75 silly lockFile 8ccc9af4-05519-0-6604030828457326-package tar:///home/habtom/tmp/npm-9531-EdDtFSgV/1424032205519-0.6604030828457326/package
76 silly lockFile 8ccc9af4-05519-0-6604030828457326-package tar:///home/habtom/tmp/npm-9531-EdDtFSgV/1424032205519-0.6604030828457326/package
77 silly lockFile 1ce2b478-ojs-vis-genven-1-1-1-package-tgz tar:///home/habtom/.npm/biojs-vis-genven/1.1.1/package.tgz
78 silly lockFile 1ce2b478-ojs-vis-genven-1-1-1-package-tgz tar:///home/habtom/.npm/biojs-vis-genven/1.1.1/package.tgz
79 silly lockFile a3df2712-m-biojs-vis-genven-1-1-1-package /home/habtom/.npm/biojs-vis-genven/1.1.1/package
80 verbose lock /home/habtom/.npm/biojs-vis-genven/1.1.1/package /home/habtom/.npm/a3df2712-m-biojs-vis-genven-1-1-1-package.lock
81 silly lockFile a3df2712-m-biojs-vis-genven-1-1-1-package /home/habtom/.npm/biojs-vis-genven/1.1.1/package
82 silly lockFile a3df2712-m-biojs-vis-genven-1-1-1-package /home/habtom/.npm/biojs-vis-genven/1.1.1/package
83 verbose tar unpack /home/habtom/.npm/biojs-vis-genven/1.1.1/package.tgz
84 silly lockFile a8d5df66-m-biojs-vis-genven-1-1-1-package tar:///home/habtom/.npm/biojs-vis-genven/1.1.1/package
85 verbose lock tar:///home/habtom/.npm/biojs-vis-genven/1.1.1/package /home/habtom/.npm/a8d5df66-m-biojs-vis-genven-1-1-1-package.lock
86 silly lockFile 1ce2b478-ojs-vis-genven-1-1-1-package-tgz tar:///home/habtom/.npm/biojs-vis-genven/1.1.1/package.tgz
87 verbose lock tar:///home/habtom/.npm/biojs-vis-genven/1.1.1/package.tgz /home/habtom/.npm/1ce2b478-ojs-vis-genven-1-1-1-package-tgz.lock
88 silly gunzTarPerm modes [ '755', '644' ]
89 silly gunzTarPerm extractEntry package.json
90 silly gunzTarPerm extractEntry README.md
91 silly gunzTarPerm extractEntry LICENSE
92 silly gunzTarPerm extractEntry data/sample.json
93 silly gunzTarPerm extractEntry examples/bundle.js
94 silly gunzTarPerm extractEntry examples/about.html
95 silly gunzTarPerm extractEntry examples/css/bootstrap.css
96 silly gunzTarPerm extractEntry examples/css/font-awesome.min.css
97 silly gunzTarPerm extractEntry examples/css/main.css
98 silly gunzTarPerm extractEntry examples/docs.html
99 silly gunzTarPerm extractEntry examples/index.html
100 silly gunzTarPerm extractEntry images/circles.png
101 silly gunzTarPerm extractEntry images/file.png
102 silly gunzTarPerm extractEntry images/genvenn.png
103 silly gunzTarPerm extractEntry lib/drawGenven.js
104 silly gunzTarPerm extractEntry lib/exportImage.js
105 silly gunzTarPerm extractEntry lib/fileManager.js
106 silly gunzTarPerm extractEntry lib/index.js
107 silly gunzTarPerm extractEntry lib/listOpConf.js
108 silly lockFile a8d5df66-m-biojs-vis-genven-1-1-1-package tar:///home/habtom/.npm/biojs-vis-genven/1.1.1/package
109 silly lockFile a8d5df66-m-biojs-vis-genven-1-1-1-package tar:///home/habtom/.npm/biojs-vis-genven/1.1.1/package
110 silly lockFile 1ce2b478-ojs-vis-genven-1-1-1-package-tgz tar:///home/habtom/.npm/biojs-vis-genven/1.1.1/package.tgz
111 silly lockFile 1ce2b478-ojs-vis-genven-1-1-1-package-tgz tar:///home/habtom/.npm/biojs-vis-genven/1.1.1/package.tgz
112 verbose chmod /home/habtom/.npm/biojs-vis-genven/1.1.1/package.tgz 644
113 verbose chown /home/habtom/.npm/biojs-vis-genven/1.1.1/package.tgz [ 1000, 1000 ]
114 silly lockFile 3a52ce78- .
115 silly lockFile 3a52ce78- .
116 silly publish { name: 'biojs-vis-genven',
116 silly publish   description: 'Venn diagram list comparisons',
116 silly publish   version: '1.1.1',
116 silly publish   homepage: 'https://github.com/habtom/biojs-vis-genven',
116 silly publish   contributors:
116 silly publish    [ { name: 'Habtom Kahsay Gidey',
116 silly publish        email: 'habtomk@gmail.com',
116 silly publish        url: 'https://github.com/habtom' },
116 silly publish      { name: 'Mohamed Ahmed', email: 'ms.yazeed@gmail.com' },
116 silly publish      { name: 'Tatyana Goldberg',
116 silly publish        url: 'https://rostlab.org/~goldberg/' },
116 silly publish      { name: 'Juan Miguel Cejuela', url: 'https://www.tagtog.net/' },
116 silly publish      { name: 'Sebastian Wilzbach', url: 'http://seb.wilzba.ch' },
116 silly publish      { name: 'David Dao', url: 'http://daviddao.de' },
116 silly publish      { name: 'Manuel Corpas', url: 'http://manuelcorpas.com' },
116 silly publish      { name: 'Prof. Burkhard Rost',
116 silly publish        url: 'https://en.wikipedia.org/wiki/Burkhard_Rost' } ],
116 silly publish   repository:
116 silly publish    { type: 'git',
116 silly publish      url: 'https://github.com/habtom/biojs-vis-genven.git' },
116 silly publish   bugs: { url: 'https://github.com//habtom/biojs-vis-genven/issues' },
116 silly publish   licenses:
116 silly publish    [ { type: 'Apache 2',
116 silly publish        url: 'https://github.com/habtom/biojs-vis-genven/LICENSE' } ],
116 silly publish   main: 'lib/index.js',
116 silly publish   scripts:
116 silly publish    { test: 'echo \'Error: no test specified\' && exit 1',
116 silly publish      build: 'mkdirp build && browserify -r ./:biojs-vis-genven -o build/genven.js',
116 silly publish      'build-browser': 'npm run build',
116 silly publish      prepublish: 'npm run build',
116 silly publish      watch: 'watchify -r ./:biojs-vis-genven -v -o build/genven.js',
116 silly publish      sniper: 'biojs-sniper .' },
116 silly publish   dependencies: { d3: '^3.5.3' },
116 silly publish   devDependencies:
116 silly publish    { mkdirp: '^0.5.0',
116 silly publish      browserify: '6.x',
116 silly publish      'biojs-sniper': '0.x',
116 silly publish      watchify: '^1.0.6' },
116 silly publish   sniper:
116 silly publish    { js: [ '/build/genven.js' ],
116 silly publish      snippets: [ 'examples' ],
116 silly publish      first: 'index',
116 silly publish      css: [ '/css/main.css' ] },
116 silly publish   keywords: [ 'biojs', 'genven', 'venn', 'venn diagram' ],
116 silly publish   readme: 'about genvenn!\n=============\n\ngenvenn is a D3js project to visualise list/set data comparisons with standard symmetric venn diagrams. The project is aimed at providing an opportunity for biological visualisations.\n\ngenvenn is developed based an impression of a previous project jvenn which is plug-in for the jQuery Javascript library. Some of the features in genvenn are:\n\n* genevenn is able to visualise and compare up to 7 sets of venn diagram \n* sets upto three are incrementally visualised with circles, four, five and seven sets are visualised with ellipses, and the sixth set is visualised with standard triangles \n* venn diagram drawings are plotted following mathematical standards for their symmetry and angular alignments \n* the project requires npm packages to be used and can easily be used as sub module in other projects, \n* data can be provided as a user input, uploaded file or just loaded from a sample file for demonstration.\n* genevenn is able to export all list intersection information to a file \n* it also enables exports of visual snapshots of the venn diagrams to image file.\n\nDocumentation\n-------------\n\nhttp://habtom.github.io/genven/docs.html\n\n\n',
116 silly publish   readmeFilename: 'README.md',
116 silly publish   _id: 'biojs-vis-genven@1.1.1',
116 silly publish   dist: { shasum: 'be9d764552d2d408c2fd231de38c5dfbf58af21f' },
116 silly publish   _from: '.' }
117 error need auth auth and email required for publishing
117 error need auth You need to authorize this machine using `npm adduser`
118 error System Linux 3.13.0-45-generic
119 error command "/usr/bin/nodejs" "/usr/bin/npm" "publish"
120 error cwd /home/habtom/biojs-vis-genven
121 error node -v v0.10.25
122 error npm -v 1.3.10
123 error code ENEEDAUTH
124 verbose exit [ 1, true ]
